==59091== Cachegrind, a high-precision tracing profiler
==59091== Copyright (C) 2002-2024, and GNU GPL'd, by Nicholas Nethercote et al.
==59091== Using Valgrind-3.24.0 and LibVEX; rerun with -h for copyright info
==59091== Command: ./stencil_parallel -x 512 -y 512 -o 0 -v 0 -n 100
==59091== Parent PID: 59073
==59091== 
--59091-- warning: L3 cache found, using its data for the LL simulation.
==59091== WARNING: valgrind ignores shmget(shmflg) SHM_HUGETLB
==59091== 
==59091== I refs:        626,392,223
==59091== I1  misses:        188,939
==59091== LLi misses:         22,847
==59091== I1  miss rate:        0.03%
==59091== LLi miss rate:        0.00%
==59091== 
==59091== D refs:        209,332,606  (162,013,642 rd   + 47,318,964 wr)
==59091== D1  misses:      8,085,150  (  4,478,686 rd   +  3,606,464 wr)
==59091== LLd misses:        331,054  (     83,646 rd   +    247,408 wr)
==59091== D1  miss rate:         3.9% (        2.8%     +        7.6%  )
==59091== LLd miss rate:         0.2% (        0.1%     +        0.5%  )
==59091== 
==59091== LL refs:         8,274,089  (  4,667,625 rd   +  3,606,464 wr)
==59091== LL misses:         353,901  (    106,493 rd   +    247,408 wr)
==59091== LL miss rate:          0.0% (        0.0%     +        0.5%  )
==59091== 
==59091== Branches:       53,783,368  ( 52,017,043 cond +  1,766,325 ind)
==59091== Mispredicts:       966,675  (    738,656 cond +    228,019 ind)
==59091== Mispred rate:          1.8% (        1.4%     +       12.9%   )
