Tasks are decomposed in a grid 4 x 4

Task    0 :: 	grid coordinates :   0,   0
	neighbours: N   -2    E    1    S    4    W   -2
Task    1 :: 	grid coordinates :   1,   0
	neighbours: N   -2    E    2    S    5    W    0
Task    2 :: 	grid coordinates :   2,   0
	neighbours: N   -2    E    3    S    6    W    1
Task    3 :: 	grid coordinates :   3,   0
	neighbours: N   -2    E   -2    S    7    W    2
Task    4 :: 	grid coordinates :   0,   1
	neighbours: N    0    E    5    S    8    W   -2
Task    5 :: 	grid coordinates :   1,   1
	neighbours: N    1    E    6    S    9    W    4
Task    6 :: 	grid coordinates :   2,   1
	neighbours: N    2    E    7    S   10    W    5
Task    7 :: 	grid coordinates :   3,   1
	neighbours: N    3    E   -2    S   11    W    6
Task    8 :: 	grid coordinates :   0,   2
	neighbours: N    4    E    9    S   12    W   -2
Task    9 :: 	grid coordinates :   1,   2
	neighbours: N    5    E   10    S   13    W    8
Task   10 :: 	grid coordinates :   2,   2
	neighbours: N    6    E   11    S   14    W    9
Task   11 :: 	grid coordinates :   3,   2
	neighbours: N    7    E   -2    S   15    W   10
Task   12 :: 	grid coordinates :   0,   3
	neighbours: N    8    E   13    S   -2    W   -2
Task   13 :: 	grid coordinates :   1,   3
	neighbours: N    9    E   14    S   -2    W   12
Task   14 :: 	grid coordinates :   2,   3
	neighbours: N   10    E   15    S   -2    W   13
Task   15 :: 	grid coordinates :   3,   3
	neighbours: N   11    E   -2    S   -2    W   14
---------Rank: 0 	 Elapsed time:3.753432---------
---------Rank: 3 	 Elapsed time:3.753506---------
---------Rank: 2 	 Elapsed time:3.753627---------
---------Rank: 1 	 Elapsed time:3.753609---------
total injected energy is 300000, system energy is 299219 ( in avg 0.0478751 per grid point)
---------Rank: 7 	 Elapsed time:3.753424---------
---------Rank: 6 	 Elapsed time:3.753494---------
---------Rank: 4 	 Elapsed time:3.753394---------
---------Rank: 5 	 Elapsed time:3.753562---------
---------Rank: 12 	 Elapsed time:3.753562---------
---------Rank: 14 	 Elapsed time:3.753483---------
---------Rank: 15 	 Elapsed time:3.753326---------
---------Rank: 13 	 Elapsed time:3.753617---------
---------Rank: 10 	 Elapsed time:3.753422---------
---------Rank: 11 	 Elapsed time:3.753289---------
---------Rank: 8 	 Elapsed time:3.753393---------
---------Rank: 9 	 Elapsed time:3.753591---------
